<?xml version="1.0" encoding="UTF-8"?>
<!-- Generated by org.testng.reporters.JUnitReportReporter -->
<testsuite hostname="LAPTOP-0EL9TCSI" name="userfeel.Testcase.FeelUserTestCase" tests="1" failures="0" timestamp="22 Feb 2020 16:54:05 GMT" time="27.529" errors="0">
  <testcase name="executeTestcase" time="27.529" classname="userfeel.Testcase.FeelUserTestCase"/>
</testsuite> <!-- userfeel.Testcase.FeelUserTestCase -->
